  car.c
C:\Users\User\source\repos\CarAssignment\CarAssignment\car.c(15,16): error C2143: syntax error: missing ';' before '='
C:\Users\User\source\repos\CarAssignment\CarAssignment\car.c(15,16): error C2059: syntax error: '='
C:\Users\User\source\repos\CarAssignment\CarAssignment\car.c(17,1): error C2059: syntax error: '}'
C:\Users\User\source\repos\CarAssignment\CarAssignment\car.c(39,15): error C2143: syntax error: missing ';' before '['
C:\Users\User\source\repos\CarAssignment\CarAssignment\car.c(45,25): warning C4013: 'getCarSize' undefined; assuming extern returning int
C:\Users\User\source\repos\CarAssignment\CarAssignment\car.c(86,67): error C2027: use of undefined type 'car'
C:\Users\User\source\repos\CarAssignment\CarAssignment\car.c(39): message : see declaration of 'car'
C:\Users\User\source\repos\CarAssignment\CarAssignment\car.c(90,28): error C2037: left of 'num1' specifies undefined struct/union 'car'
C:\Users\User\source\repos\CarAssignment\CarAssignment\car.c(96,47): warning C4133: '=': incompatible types - from 'car *' to 'car *'
C:\Users\User\source\repos\CarAssignment\CarAssignment\car.c(98,32): warning C4013: 'isEmpty' undefined; assuming extern returning int
C:\Users\User\source\repos\CarAssignment\CarAssignment\car.c(127,15): warning C4477: 'scanf' : format string '%s' requires an argument of type 'char *', but variadic argument 1 has type 'int'
C:\Users\User\source\repos\CarAssignment\CarAssignment\car.c(129,24): error C2065: 'YES': undeclared identifier
C:\Users\User\source\repos\CarAssignment\CarAssignment\car.c(131,13): error C2146: syntax error: missing ';' before identifier 'reserved'
C:\Users\User\source\repos\CarAssignment\CarAssignment\car.c(131,22): error C2143: syntax error: missing ';' before '='
C:\Users\User\source\repos\CarAssignment\CarAssignment\car.c(133,9): error C2181: illegal else without matching if
C:\Users\User\source\repos\CarAssignment\CarAssignment\car.c(133,27): error C2065: 'NO': undeclared identifier
C:\Users\User\source\repos\CarAssignment\CarAssignment\car.c(136,9): error C2143: syntax error: missing ';' before 'else'
C:\Users\User\source\repos\CarAssignment\CarAssignment\car.c(154,63): error C2037: left of 'num1' specifies undefined struct/union 'car'
C:\Users\User\source\repos\CarAssignment\CarAssignment\car.c(154,28): warning C4473: 'printf' : not enough arguments passed for format string
C:\Users\User\source\repos\CarAssignment\CarAssignment\car.c(154,28): message : placeholders and their parameters expect 1 variadic arguments, but 0 were provided
C:\Users\User\source\repos\CarAssignment\CarAssignment\car.c(154,28): message : the missing variadic argument 1 is required by format string '%d'
C:\Users\User\source\repos\CarAssignment\CarAssignment\car.c(197,23): error C2088: '!=': illegal for struct
C:\Users\User\source\repos\CarAssignment\CarAssignment\car.c(199,26): error C2440: '=': cannot convert from 'LinearNode' to 'node *'
C:\Users\User\source\repos\CarAssignment\CarAssignment\car.c(200,32): error C2232: '->next': left operand has 'struct' type, use '.'
C:\Users\User\source\repos\CarAssignment\CarAssignment\car.c(201,20): warning C4013: 'mallloc' undefined; assuming extern returning int
C:\Users\User\source\repos\CarAssignment\CarAssignment\car.c(50,1): error C4996: 'scanf': This function or variable may be unsafe. Consider using scanf_s instead. To disable deprecation, use _CRT_SECURE_NO_WARNINGS. See online help for details.
C:\Program Files (x86)\Windows Kits\10\Include\10.0.18362.0\ucrt\stdio.h(1274): message : see declaration of 'scanf'
C:\Users\User\source\repos\CarAssignment\CarAssignment\car.c(84,1): error C4996: 'scanf': This function or variable may be unsafe. Consider using scanf_s instead. To disable deprecation, use _CRT_SECURE_NO_WARNINGS. See online help for details.
C:\Program Files (x86)\Windows Kits\10\Include\10.0.18362.0\ucrt\stdio.h(1274): message : see declaration of 'scanf'
C:\Users\User\source\repos\CarAssignment\CarAssignment\car.c(127,1): error C4996: 'scanf': This function or variable may be unsafe. Consider using scanf_s instead. To disable deprecation, use _CRT_SECURE_NO_WARNINGS. See online help for details.
C:\Program Files (x86)\Windows Kits\10\Include\10.0.18362.0\ucrt\stdio.h(1274): message : see declaration of 'scanf'
